<?xml version="1.0" encoding="UTF-8"?>
<!-- Generated by org.testng.reporters.JUnitXMLReporter -->
<testsuite ignored="0" hostname="del1-lhp-n77069" failures="0" tests="4" name="Default test" time="11.738" errors="0" timestamp="2022-12-18T15:38:06 IST">
  <testcase classname="com.digitalacademy.testpage.TestScenarioPage" name="verifyHomepage" time="0.025"/>
  <testcase classname="com.digitalacademy.testpage.TestScenarioPage" name="verifyBlogPage" time="2.372"/>
  <testcase classname="com.digitalacademy.testpage.TestScenarioPage" name="verifyBlogPageHeading" time="0.042"/>
  <testcase classname="com.digitalacademy.testpage.TestScenarioPage" name="verifyAboutPage" time="2.517"/>
</testsuite> <!-- Default test -->
