<?xml version="1.0" encoding="UTF-8"?>
<!-- Generated by org.testng.reporters.JUnitXMLReporter -->
<testsuite ignored="0" hostname="del1-lhp-n77069" failures="0" tests="4" name="Test1" time="6.91" errors="0" timestamp="2022-12-18T16:03:07 IST">
  <testcase classname="com.digitalacademy.testpage.TestScenarioPage" name="verifyHomepage" time="0.016"/>
  <testcase classname="com.digitalacademy.testpage.TestScenarioPage" name="verifyBlogPage" time="2.173"/>
  <testcase classname="com.digitalacademy.testpage.TestScenarioPage" name="verifyBlogPageHeading" time="0.045"/>
  <testcase classname="com.digitalacademy.testpage.TestScenarioPage" name="verifyAboutPage" time="2.29"/>
</testsuite> <!-- Test1 -->
