<?xml version="1.0" encoding="UTF-8"?>
<!-- Generated by org.testng.reporters.JUnitXMLReporter -->
<testsuite ignored="0" hostname="del1-lhp-n77069" failures="0" tests="4" name="Test" time="7.819" errors="0" timestamp="2022-12-18T15:38:56 IST">
  <testcase classname="com.digitalacademy.testpage.TestScenarioPage" name="verifyHomepage" time="0.02"/>
  <testcase classname="com.digitalacademy.testpage.TestScenarioPage" name="verifyBlogPage" time="2.384"/>
  <testcase classname="com.digitalacademy.testpage.TestScenarioPage" name="verifyBlogPageHeading" time="0.036"/>
  <testcase classname="com.digitalacademy.testpage.TestScenarioPage" name="verifyAboutPage" time="2.506"/>
</testsuite> <!-- Test -->
